<?xml version="1.0" encoding="UTF-8"?>
<!-- Generated by org.testng.reporters.JUnitXMLReporter -->
<testsuite ignored="0" hostname="LAPTOP-P8997V13" failures="12" tests="23" name="NewCompanyTest" time="2074.878" errors="0" timestamp="2025-06-16T19:52:13 IST">
  <testcase classname="base.baseTest" name="@BeforeMethod initialization" time="33.741">
    <failure type="org.openqa.selenium.NoSuchSessionException" message="invalid session id: session deleted as the browser has closed the connection
from disconnected: not connected to DevTools
  (Session info: chrome=137.0.7151.56)
Build info: version: &amp;apos;4.18.1&amp;apos;, revision: &amp;apos;b1d3319b48&amp;apos;
System info: os.name: &amp;apos;Windows 11&amp;apos;, os.arch: &amp;apos;amd64&amp;apos;, os.version: &amp;apos;10.0&amp;apos;, java.version: &amp;apos;17.0.10&amp;apos;
Driver info: org.openqa.selenium.chrome.ChromeDriver
Command: [adaaa2da4226494032fbea171dadc273, deleteAllCookies {}]
Capabilities {acceptInsecureCerts: false, browserName: chrome, browserVersion: 137.0.7151.56, chrome: {chromedriverVersion: 137.0.7151.70 (dfa4dc56b2ab..., userDataDir: C:\Users\phani\AppData\Loca...}, fedcm:accounts: true, goog:chromeOptions: {debuggerAddress: localhost:62655}, networkConnectionEnabled: false, pageLoadStrategy: normal, platformName: windows, proxy: Proxy(), setWindowRect: true, strictFileInteractability: false, timeouts: {implicit: 0, pageLoad: 300000, script: 30000}, unhandledPromptBehavior: dismiss and notify, webauthn:extension:credBlob: true, webauthn:extension:largeBlob: true, webauthn:extension:minPinLength: true, webauthn:extension:prf: true, webauthn:virtualAuthenticators: true}
Session ID: adaaa2da4226494032fbea171dadc273">
      <![CDATA[org.openqa.selenium.NoSuchSessionException: invalid session id: session deleted as the browser has closed the connection
from disconnected: not connected to DevTools
  (Session info: chrome=137.0.7151.56)
Build info: version: '4.18.1', revision: 'b1d3319b48'
System info: os.name: 'Windows 11', os.arch: 'amd64', os.version: '10.0', java.version: '17.0.10'
Driver info: org.openqa.selenium.chrome.ChromeDriver
Command: [adaaa2da4226494032fbea171dadc273, deleteAllCookies {}]
Capabilities {acceptInsecureCerts: false, browserName: chrome, browserVersion: 137.0.7151.56, chrome: {chromedriverVersion: 137.0.7151.70 (dfa4dc56b2ab..., userDataDir: C:\Users\phani\AppData\Loca...}, fedcm:accounts: true, goog:chromeOptions: {debuggerAddress: localhost:62655}, networkConnectionEnabled: false, pageLoadStrategy: normal, platformName: windows, proxy: Proxy(), setWindowRect: true, strictFileInteractability: false, timeouts: {implicit: 0, pageLoad: 300000, script: 30000}, unhandledPromptBehavior: dismiss and notify, webauthn:extension:credBlob: true, webauthn:extension:largeBlob: true, webauthn:extension:minPinLength: true, webauthn:extension:prf: true, webauthn:virtualAuthenticators: true}
Session ID: adaaa2da4226494032fbea171dadc273
at org.openqa.selenium.remote.ErrorCodec.decode(ErrorCodec.java:167)
at org.openqa.selenium.remote.codec.w3c.W3CHttpResponseCodec.decode(W3CHttpResponseCodec.java:138)
at org.openqa.selenium.remote.codec.w3c.W3CHttpResponseCodec.decode(W3CHttpResponseCodec.java:50)
at org.openqa.selenium.remote.HttpCommandExecutor.execute(HttpCommandExecutor.java:190)
at org.openqa.selenium.remote.service.DriverCommandExecutor.invokeExecute(DriverCommandExecutor.java:216)
at org.openqa.selenium.remote.service.DriverCommandExecutor.execute(DriverCommandExecutor.java:174)
at org.openqa.selenium.remote.RemoteWebDriver.execute(RemoteWebDriver.java:519)
at org.openqa.selenium.remote.RemoteWebDriver.execute(RemoteWebDriver.java:592)
at org.openqa.selenium.remote.RemoteWebDriver.execute(RemoteWebDriver.java:596)
at org.openqa.selenium.remote.RemoteWebDriver$RemoteWebDriverOptions.deleteAllCookies(RemoteWebDriver.java:856)
at base.baseTest.initialization(baseTest.java:58)
at java.base/java.util.ArrayList.forEach(ArrayList.java:1511)
... Removed 35 stack frames]]>
    </failure>
  </testcase> <!-- @BeforeMethod initialization -->
  <testcase classname="base.baseTest" name="@AfterMethod onTestFailure" time="-1.75008373101E9">
    <skipped/>
  </testcase> <!-- @AfterMethod onTestFailure -->
  <testcase classname="base.baseTest" name="@BeforeMethod initialization" time="-1.750083731956E9">
    <skipped/>
  </testcase> <!-- @BeforeMethod initialization -->
  <testcase classname="TestCases.NewCompany" name="addNewCompany" time="14.538">
    <skipped/>
  </testcase> <!-- addNewCompany -->
  <testcase classname="TestCases.NewCompany" name="addNewCompany" time="13.465">
    <failure type="java.lang.AssertionError" message="company name is not matching expected [microsoft] but found [LTI]">
      <![CDATA[java.lang.AssertionError: company name is not matching expected [microsoft] but found [LTI]
at TestCases.NewCompany.addNewCompany(NewCompany.java:53)
at java.base/java.util.ArrayList.forEach(ArrayList.java:1511)
... Removed 32 stack frames]]>
    </failure>
  </testcase> <!-- addNewCompany -->
  <testcase classname="TestCases.NewCompany" name="addNewCompany" time="12.81">
    <skipped/>
  </testcase> <!-- addNewCompany -->
  <testcase classname="TestCases.NewCompany" name="addNewCompany" time="13.206">
    <failure type="java.lang.AssertionError" message="company name is not matching expected [microsoft] but found [infosys]">
      <![CDATA[java.lang.AssertionError: company name is not matching expected [microsoft] but found [infosys]
at TestCases.NewCompany.addNewCompany(NewCompany.java:53)
at java.base/java.util.ArrayList.forEach(ArrayList.java:1511)
... Removed 32 stack frames]]>
    </failure>
  </testcase> <!-- addNewCompany -->
  <testcase classname="TestCases.NewCompany" name="addNewCompany" time="13.074">
    <skipped/>
  </testcase> <!-- addNewCompany -->
  <testcase classname="TestCases.NewCompany" name="addNewCompany" time="12.575">
    <failure type="java.lang.AssertionError" message="company name is not matching expected [microsoft] but found [tcs]">
      <![CDATA[java.lang.AssertionError: company name is not matching expected [microsoft] but found [tcs]
at TestCases.NewCompany.addNewCompany(NewCompany.java:53)
at java.base/java.util.ArrayList.forEach(ArrayList.java:1511)
... Removed 32 stack frames]]>
    </failure>
  </testcase> <!-- addNewCompany -->
  <testcase classname="TestCases.NewCompany" name="addNewCompany" time="13.984">
    <skipped/>
  </testcase> <!-- addNewCompany -->
  <testcase classname="TestCases.NewCompany" name="addNewCompany" time="13.38">
    <failure type="java.lang.AssertionError" message="company name is not matching expected [microsoft] but found [wipro]">
      <![CDATA[java.lang.AssertionError: company name is not matching expected [microsoft] but found [wipro]
at TestCases.NewCompany.addNewCompany(NewCompany.java:53)
at java.base/java.util.ArrayList.forEach(ArrayList.java:1511)
... Removed 32 stack frames]]>
    </failure>
  </testcase> <!-- addNewCompany -->
  <testcase classname="TestCases.NewCompany" name="addNewCompany" time="13.122">
    <skipped/>
  </testcase> <!-- addNewCompany -->
  <testcase classname="TestCases.NewCompany" name="addNewCompany" time="14.547">
    <failure type="java.lang.AssertionError" message="company name is not matching expected [microsoft] but found [capgemini]">
      <![CDATA[java.lang.AssertionError: company name is not matching expected [microsoft] but found [capgemini]
at TestCases.NewCompany.addNewCompany(NewCompany.java:53)
at java.base/java.util.ArrayList.forEach(ArrayList.java:1511)
... Removed 32 stack frames]]>
    </failure>
  </testcase> <!-- addNewCompany -->
  <testcase classname="TestCases.NewCompany" name="addNewCompany" time="14.133">
    <skipped/>
  </testcase> <!-- addNewCompany -->
  <testcase classname="TestCases.NewCompany" name="addNewCompany" time="13.937">
    <failure type="java.lang.AssertionError" message="company name is not matching expected [microsoft] but found [flipkart]">
      <![CDATA[java.lang.AssertionError: company name is not matching expected [microsoft] but found [flipkart]
at TestCases.NewCompany.addNewCompany(NewCompany.java:53)
at java.base/java.util.ArrayList.forEach(ArrayList.java:1511)
... Removed 32 stack frames]]>
    </failure>
  </testcase> <!-- addNewCompany -->
  <testcase classname="TestCases.NewCompany" name="addNewCompany" time="13.736">
    <skipped/>
  </testcase> <!-- addNewCompany -->
  <testcase classname="TestCases.NewCompany" name="addNewCompany" time="13.908">
    <failure type="java.lang.AssertionError" message="company name is not matching expected [microsoft] but found [amazon]">
      <![CDATA[java.lang.AssertionError: company name is not matching expected [microsoft] but found [amazon]
at TestCases.NewCompany.addNewCompany(NewCompany.java:53)
at java.base/java.util.ArrayList.forEach(ArrayList.java:1511)
... Removed 32 stack frames]]>
    </failure>
  </testcase> <!-- addNewCompany -->
  <testcase classname="TestCases.NewCompany" name="addNewCompany" time="14.658">
    <skipped/>
  </testcase> <!-- addNewCompany -->
  <testcase classname="TestCases.NewCompany" name="addNewCompany" time="13.516">
    <failure type="java.lang.AssertionError" message="company name is not matching expected [microsoft] but found [alibaba]">
      <![CDATA[java.lang.AssertionError: company name is not matching expected [microsoft] but found [alibaba]
at TestCases.NewCompany.addNewCompany(NewCompany.java:53)
at java.base/java.util.ArrayList.forEach(ArrayList.java:1511)
... Removed 32 stack frames]]>
    </failure>
  </testcase> <!-- addNewCompany -->
  <testcase classname="TestCases.NewCompany" name="addNewCompany" time="14.198">
    <skipped/>
  </testcase> <!-- addNewCompany -->
  <testcase classname="TestCases.NewCompany" name="addNewCompany" time="17.139">
    <failure type="java.lang.AssertionError" message="company name is not matching expected [microsoft] but found [ebay]">
      <![CDATA[java.lang.AssertionError: company name is not matching expected [microsoft] but found [ebay]
at TestCases.NewCompany.addNewCompany(NewCompany.java:53)
at java.base/java.util.ArrayList.forEach(ArrayList.java:1511)
... Removed 31 stack frames]]>
    </failure>
  </testcase> <!-- addNewCompany -->
  <testcase classname="TestCases.NewCompany" name="addNewCompany" time="13.869">
    <skipped/>
  </testcase> <!-- addNewCompany -->
  <testcase classname="TestCases.NewCompany" name="addNewCompany" time="17.915">
    <failure type="java.lang.AssertionError" message="company name is not matching expected [microsoft] but found [google]">
      <![CDATA[java.lang.AssertionError: company name is not matching expected [microsoft] but found [google]
at TestCases.NewCompany.addNewCompany(NewCompany.java:53)
at java.base/java.util.ArrayList.forEach(ArrayList.java:1511)
... Removed 31 stack frames]]>
    </failure>
  </testcase> <!-- addNewCompany -->
  <testcase classname="TestCases.NewCompany" name="addNewCompany" time="0.166">
    <skipped/>
  </testcase> <!-- addNewCompany -->
  <testcase classname="TestCases.NewCompany" name="addNewCompany" time="0.004">
    <failure type="org.openqa.selenium.NoSuchSessionException" message="invalid session id
Build info: version: &amp;apos;4.18.1&amp;apos;, revision: &amp;apos;b1d3319b48&amp;apos;
System info: os.name: &amp;apos;Windows 11&amp;apos;, os.arch: &amp;apos;amd64&amp;apos;, os.version: &amp;apos;10.0&amp;apos;, java.version: &amp;apos;17.0.10&amp;apos;
Driver info: org.openqa.selenium.chrome.ChromeDriver
Command: [adaaa2da4226494032fbea171dadc273, findElements {using=xpath, value=//div[@class=&amp;quot;ui fluid large blue submit button&amp;quot;]}]
Capabilities {acceptInsecureCerts: false, browserName: chrome, browserVersion: 137.0.7151.56, chrome: {chromedriverVersion: 137.0.7151.70 (dfa4dc56b2ab..., userDataDir: C:\Users\phani\AppData\Loca...}, fedcm:accounts: true, goog:chromeOptions: {debuggerAddress: localhost:62655}, networkConnectionEnabled: false, pageLoadStrategy: normal, platformName: windows, proxy: Proxy(), setWindowRect: true, strictFileInteractability: false, timeouts: {implicit: 0, pageLoad: 300000, script: 30000}, unhandledPromptBehavior: dismiss and notify, webauthn:extension:credBlob: true, webauthn:extension:largeBlob: true, webauthn:extension:minPinLength: true, webauthn:extension:prf: true, webauthn:virtualAuthenticators: true}
Session ID: adaaa2da4226494032fbea171dadc273">
      <![CDATA[org.openqa.selenium.NoSuchSessionException: invalid session id
Build info: version: '4.18.1', revision: 'b1d3319b48'
System info: os.name: 'Windows 11', os.arch: 'amd64', os.version: '10.0', java.version: '17.0.10'
Driver info: org.openqa.selenium.chrome.ChromeDriver
Command: [adaaa2da4226494032fbea171dadc273, findElements {using=xpath, value=//div[@class="ui fluid large blue submit button"]}]
Capabilities {acceptInsecureCerts: false, browserName: chrome, browserVersion: 137.0.7151.56, chrome: {chromedriverVersion: 137.0.7151.70 (dfa4dc56b2ab..., userDataDir: C:\Users\phani\AppData\Loca...}, fedcm:accounts: true, goog:chromeOptions: {debuggerAddress: localhost:62655}, networkConnectionEnabled: false, pageLoadStrategy: normal, platformName: windows, proxy: Proxy(), setWindowRect: true, strictFileInteractability: false, timeouts: {implicit: 0, pageLoad: 300000, script: 30000}, unhandledPromptBehavior: dismiss and notify, webauthn:extension:credBlob: true, webauthn:extension:largeBlob: true, webauthn:extension:minPinLength: true, webauthn:extension:prf: true, webauthn:virtualAuthenticators: true}
Session ID: adaaa2da4226494032fbea171dadc273
at org.openqa.selenium.remote.ErrorCodec.decode(ErrorCodec.java:167)
at org.openqa.selenium.remote.codec.w3c.W3CHttpResponseCodec.decode(W3CHttpResponseCodec.java:138)
at org.openqa.selenium.remote.codec.w3c.W3CHttpResponseCodec.decode(W3CHttpResponseCodec.java:50)
at org.openqa.selenium.remote.HttpCommandExecutor.execute(HttpCommandExecutor.java:190)
at org.openqa.selenium.remote.service.DriverCommandExecutor.invokeExecute(DriverCommandExecutor.java:216)
at org.openqa.selenium.remote.service.DriverCommandExecutor.execute(DriverCommandExecutor.java:174)
at org.openqa.selenium.remote.RemoteWebDriver.execute(RemoteWebDriver.java:519)
at org.openqa.selenium.remote.ElementLocation$ElementFinder$2.findElements(ElementLocation.java:182)
at org.openqa.selenium.remote.ElementLocation.findElements(ElementLocation.java:103)
at org.openqa.selenium.remote.RemoteWebDriver.findElements(RemoteWebDriver.java:369)
at org.openqa.selenium.remote.RemoteWebDriver.findElements(RemoteWebDriver.java:363)
at utills.elementFetch.getWebElements(elementFetch.java:40)
at pageEvents.LoginPageEvents.verifyIfPageIsLoaded(LoginPageEvents.java:20)
at TestCases.LoginTest.loginTestCase(LoginTest.java:20)
at TestCases.HomePageTest.HomepageTest(HomePageTest.java:23)
at TestCases.NewCompany.addNewCompany(NewCompany.java:32)
at java.base/java.util.ArrayList.forEach(ArrayList.java:1511)
... Removed 31 stack frames]]>
    </failure>
  </testcase> <!-- addNewCompany -->
  <testcase classname="TestCases.NewCompany" name="addNewCompany" time="2073.302">
    <failure type="org.openqa.selenium.NoSuchSessionException" message="invalid session id
Build info: version: &amp;apos;4.18.1&amp;apos;, revision: &amp;apos;b1d3319b48&amp;apos;
System info: os.name: &amp;apos;Windows 11&amp;apos;, os.arch: &amp;apos;amd64&amp;apos;, os.version: &amp;apos;10.0&amp;apos;, java.version: &amp;apos;17.0.10&amp;apos;
Driver info: org.openqa.selenium.chrome.ChromeDriver
Command: [adaaa2da4226494032fbea171dadc273, screenshot {}]
Capabilities {acceptInsecureCerts: false, browserName: chrome, browserVersion: 137.0.7151.56, chrome: {chromedriverVersion: 137.0.7151.70 (dfa4dc56b2ab..., userDataDir: C:\Users\phani\AppData\Loca...}, fedcm:accounts: true, goog:chromeOptions: {debuggerAddress: localhost:62655}, networkConnectionEnabled: false, pageLoadStrategy: normal, platformName: windows, proxy: Proxy(), setWindowRect: true, strictFileInteractability: false, timeouts: {implicit: 0, pageLoad: 300000, script: 30000}, unhandledPromptBehavior: dismiss and notify, webauthn:extension:credBlob: true, webauthn:extension:largeBlob: true, webauthn:extension:minPinLength: true, webauthn:extension:prf: true, webauthn:virtualAuthenticators: true}
Session ID: adaaa2da4226494032fbea171dadc273">
      <![CDATA[org.openqa.selenium.NoSuchSessionException: invalid session id
Build info: version: '4.18.1', revision: 'b1d3319b48'
System info: os.name: 'Windows 11', os.arch: 'amd64', os.version: '10.0', java.version: '17.0.10'
Driver info: org.openqa.selenium.chrome.ChromeDriver
Command: [adaaa2da4226494032fbea171dadc273, screenshot {}]
Capabilities {acceptInsecureCerts: false, browserName: chrome, browserVersion: 137.0.7151.56, chrome: {chromedriverVersion: 137.0.7151.70 (dfa4dc56b2ab..., userDataDir: C:\Users\phani\AppData\Loca...}, fedcm:accounts: true, goog:chromeOptions: {debuggerAddress: localhost:62655}, networkConnectionEnabled: false, pageLoadStrategy: normal, platformName: windows, proxy: Proxy(), setWindowRect: true, strictFileInteractability: false, timeouts: {implicit: 0, pageLoad: 300000, script: 30000}, unhandledPromptBehavior: dismiss and notify, webauthn:extension:credBlob: true, webauthn:extension:largeBlob: true, webauthn:extension:minPinLength: true, webauthn:extension:prf: true, webauthn:virtualAuthenticators: true}
Session ID: adaaa2da4226494032fbea171dadc273
at org.openqa.selenium.remote.ErrorCodec.decode(ErrorCodec.java:167)
at org.openqa.selenium.remote.codec.w3c.W3CHttpResponseCodec.decode(W3CHttpResponseCodec.java:138)
at org.openqa.selenium.remote.codec.w3c.W3CHttpResponseCodec.decode(W3CHttpResponseCodec.java:50)
at org.openqa.selenium.remote.HttpCommandExecutor.execute(HttpCommandExecutor.java:190)
at org.openqa.selenium.remote.service.DriverCommandExecutor.invokeExecute(DriverCommandExecutor.java:216)
at org.openqa.selenium.remote.service.DriverCommandExecutor.execute(DriverCommandExecutor.java:174)
at org.openqa.selenium.remote.RemoteWebDriver.execute(RemoteWebDriver.java:519)
at org.openqa.selenium.remote.RemoteWebDriver.execute(RemoteWebDriver.java:592)
at org.openqa.selenium.remote.RemoteWebDriver.execute(RemoteWebDriver.java:596)
at org.openqa.selenium.remote.RemoteWebDriver.getScreenshotAs(RemoteWebDriver.java:322)
at utills.suiteListener.onTestFailure(suiteListener.java:25)
at java.base/java.util.ArrayList.forEach(ArrayList.java:1511)
... Removed 29 stack frames]]>
    </failure>
  </testcase> <!-- addNewCompany -->
</testsuite> <!-- NewCompanyTest -->
